Arguments: 
  C:\Program Files\nodejs\node.exe C:\Users\learn\AppData\Roaming\npm\node_modules\yarn\bin\yarn.js add nodemon express morgan cors express mongoose

PATH: 
  C:\Windows\system32;C:\Windows;C:\Windows\System32\Wbem;C:\Windows\System32\WindowsPowerShell\v1.0\;C:\Windows\System32\OpenSSH\;C:\Program Files\nodejs\;C:\Program Files\Git\cmd;C:\Program Files\PuTTY\;C:\Users\learn\AppData\Local\Microsoft\WindowsApps;C:\Users\learn\AppData\Roaming\npm;C:\Users\learn\AppData\Local\Programs\Microsoft VS Code\bin;C:\Program Files\heroku\bin

Yarn version: 
  1.22.19

Node version: 
  18.12.1

Platform: 
  win32 x64

Trace: 
  Error: ENOENT: no such file or directory, open 'C:\Users\learn\AppData\Local\Yarn\Cache\v6\npm-@aws-sdk-client-sts-3.241.0-50568ac59e003ae6190221162f337df2500028ff-integrity\node_modules\@aws-sdk\client-sts\.yarn-metadata.json'

npm manifest: 
  {
    "name": "newmethod",
    "version": "1.0.0",
    "main": "index.js",
    "license": "MIT"
  }

yarn manifest: 
  No manifest

Lockfile: 
  No lockfile
